<?xml version="1.0" encoding="UTF-8"?>
<testng-results skipped="0" failed="0" ignored="0" total="2" passed="2">
  <reporter-output>
  </reporter-output>
  <suite name="Suite" duration-ms="15115" started-at="2018-05-20T05:27:44Z" finished-at="2018-05-20T05:28:00Z">
    <groups>
    </groups>
    <test name="Test" duration-ms="15115" started-at="2018-05-20T05:27:44Z" finished-at="2018-05-20T05:28:00Z">
      <class name="testcases.TC001_LoginAndLogout">
        <test-method status="PASS" signature="beforeSuite()[pri:0, instance:testcases.TC001_LoginAndLogout@136e911]" name="beforeSuite" is-config="true" duration-ms="400" started-at="2018-05-20T05:27:44Z" finished-at="2018-05-20T05:27:44Z">
          <reporter-output>
          </reporter-output>
        </test-method> <!-- beforeSuite -->
        <test-method status="PASS" signature="setData()[pri:0, instance:testcases.TC001_LoginAndLogout@136e911]" name="setData" is-config="true" duration-ms="0" started-at="2018-05-20T05:27:44Z" finished-at="2018-05-20T05:27:44Z">
          <reporter-output>
          </reporter-output>
        </test-method> <!-- setData -->
        <test-method status="PASS" signature="beforeClass()[pri:0, instance:testcases.TC001_LoginAndLogout@136e911]" name="beforeClass" is-config="true" duration-ms="1" started-at="2018-05-20T05:27:44Z" finished-at="2018-05-20T05:27:44Z">
          <reporter-output>
          </reporter-output>
        </test-method> <!-- beforeClass -->
        <test-method status="PASS" signature="beforeMethod()[pri:0, instance:testcases.TC001_LoginAndLogout@136e911]" name="beforeMethod" is-config="true" duration-ms="4648" started-at="2018-05-20T05:27:45Z" finished-at="2018-05-20T05:27:50Z">
          <reporter-output>
          </reporter-output>
        </test-method> <!-- beforeMethod -->
        <test-method status="PASS" signature="loginAndLogout(java.lang.String, java.lang.String, java.lang.String)[pri:0, instance:testcases.TC001_LoginAndLogout@136e911]" name="loginAndLogout" duration-ms="2076" started-at="2018-05-20T05:27:50Z" data-provider="fetchData" finished-at="2018-05-20T05:27:52Z">
          <params>
            <param index="0">
              <value>
                <![CDATA[DemoSalesManager]]>
              </value>
            </param>
            <param index="1">
              <value>
                <![CDATA[crmsfa]]>
              </value>
            </param>
            <param index="2">
              <value>
                <![CDATA[Demo Sales Manager]]>
              </value>
            </param>
          </params>
          <reporter-output>
          </reporter-output>
        </test-method> <!-- loginAndLogout -->
        <test-method status="PASS" signature="afterMethod()[pri:0, instance:testcases.TC001_LoginAndLogout@136e911]" name="afterMethod" is-config="true" duration-ms="786" started-at="2018-05-20T05:27:52Z" finished-at="2018-05-20T05:27:53Z">
          <reporter-output>
          </reporter-output>
        </test-method> <!-- afterMethod -->
        <test-method status="PASS" signature="beforeMethod()[pri:0, instance:testcases.TC001_LoginAndLogout@136e911]" name="beforeMethod" is-config="true" duration-ms="4176" started-at="2018-05-20T05:27:53Z" finished-at="2018-05-20T05:27:57Z">
          <reporter-output>
          </reporter-output>
        </test-method> <!-- beforeMethod -->
        <test-method status="PASS" signature="loginAndLogout(java.lang.String, java.lang.String, java.lang.String)[pri:0, instance:testcases.TC001_LoginAndLogout@136e911]" name="loginAndLogout" duration-ms="2064" started-at="2018-05-20T05:27:57Z" data-provider="fetchData" finished-at="2018-05-20T05:27:59Z">
          <params>
            <param index="0">
              <value>
                <![CDATA[DemoCSR]]>
              </value>
            </param>
            <param index="1">
              <value>
                <![CDATA[crmsfa]]>
              </value>
            </param>
            <param index="2">
              <value>
                <![CDATA[Demo B2B CSR]]>
              </value>
            </param>
          </params>
          <reporter-output>
          </reporter-output>
        </test-method> <!-- loginAndLogout -->
        <test-method status="PASS" signature="afterMethod()[pri:0, instance:testcases.TC001_LoginAndLogout@136e911]" name="afterMethod" is-config="true" duration-ms="734" started-at="2018-05-20T05:27:59Z" finished-at="2018-05-20T05:28:00Z">
          <reporter-output>
          </reporter-output>
        </test-method> <!-- afterMethod -->
        <test-method status="PASS" signature="afterTest()[pri:0, instance:testcases.TC001_LoginAndLogout@136e911]" name="afterTest" is-config="true" duration-ms="1" started-at="2018-05-20T05:28:00Z" finished-at="2018-05-20T05:28:00Z">
          <reporter-output>
          </reporter-output>
        </test-method> <!-- afterTest -->
        <test-method status="PASS" signature="afterSuite()[pri:0, instance:testcases.TC001_LoginAndLogout@136e911]" name="afterSuite" is-config="true" duration-ms="332" started-at="2018-05-20T05:28:00Z" finished-at="2018-05-20T05:28:00Z">
          <reporter-output>
          </reporter-output>
        </test-method> <!-- afterSuite -->
      </class> <!-- testcases.TC001_LoginAndLogout -->
    </test> <!-- Test -->
  </suite> <!-- Suite -->
</testng-results>
